Payment completed successfully at 2025-06-14 14:43:28
PayFast Payment ID: 2576865
Orders updated: 20,6
Payment records updated: 12,11

Payment completed successfully at 2025-06-18 20:18:36
PayFast Payment ID: 2581292
Orders updated: 26,25,24,23,22,21
Payment records updated: 18,17,13,14,15,16

Payment completed successfully at 2025-06-18 20:20:02
PayFast Payment ID: 2581294
Orders updated: 27
Payment records updated: 19

Payment completed successfully at 2025-06-18 21:48:48
PayFast Payment ID: 2581380
Orders updated: 32,31,30,29,28
Payment records updated: 24,20,21,22,23

Payment completed successfully at 2025-06-18 21:58:22
PayFast Payment ID: 2581391
Orders updated: 33
Payment records updated: 25

Payment completed successfully at 2025-06-18 22:10:30
PayFast Payment ID: 2581401
Orders updated: 34
Payment records updated: 26

